<?xml version="1.0" encoding="UTF-8"?>
<!-- Generated by org.testng.reporters.JUnitXMLReporter -->
<testsuite hostname="DESKTOP-4B4AHII" ignored="0" name="Command line test" tests="6" failures="0" timestamp="04 Aug 2020 10:56:06 GMT" time="0.041" errors="0">
  <testcase name="IOSApps" time="0.007" classname="com.upskill.AppiumTest"/>
  <testcase name="NativeAPpAndroid" time="0.0" classname="com.upskill.AppiumTest"/>
  <testcase name="deleteTwitter" time="0.0" classname="com.upskill.RESTAPITest"/>
  <testcase name="postJira" time="0.001" classname="com.upskill.RESTAPITest"/>
  <testcase name="BrowserAUtomation" time="0.0" classname="com.upskill.SeleniumTest"/>
  <testcase name="elementsUi" time="0.0" classname="com.upskill.SeleniumTest"/>
</testsuite> <!-- Command line test -->
