<?xml version="1.0" encoding="UTF-8"?>
<testng-results skipped="0" failed="0" ignored="0" total="6" passed="6">
  <reporter-output>
  </reporter-output>
  <suite name="Command line suite" duration-ms="41" started-at="2020-08-04T10:56:06Z" finished-at="2020-08-04T10:56:06Z">
    <groups>
    </groups>
    <test name="Command line test" duration-ms="41" started-at="2020-08-04T10:56:06Z" finished-at="2020-08-04T10:56:06Z">
      <class name="com.upskill.SeleniumTest">
        <test-method status="PASS" signature="BrowserAUtomation()[pri:0, instance:com.upskill.SeleniumTest@7a5d012c]" name="BrowserAUtomation" duration-ms="0" started-at="2020-08-04T16:26:06Z" finished-at="2020-08-04T16:26:06Z">
          <reporter-output>
          </reporter-output>
        </test-method> <!-- BrowserAUtomation -->
        <test-method status="PASS" signature="elementsUi()[pri:0, instance:com.upskill.SeleniumTest@7a5d012c]" name="elementsUi" duration-ms="0" started-at="2020-08-04T16:26:06Z" finished-at="2020-08-04T16:26:06Z">
          <reporter-output>
          </reporter-output>
        </test-method> <!-- elementsUi -->
      </class> <!-- com.upskill.SeleniumTest -->
      <class name="com.upskill.RESTAPITest">
        <test-method status="PASS" signature="postJira()[pri:0, instance:com.upskill.RESTAPITest@3cda1055]" name="postJira" duration-ms="1" started-at="2020-08-04T16:26:06Z" finished-at="2020-08-04T16:26:06Z">
          <reporter-output>
          </reporter-output>
        </test-method> <!-- postJira -->
        <test-method status="PASS" signature="deleteTwitter()[pri:0, instance:com.upskill.RESTAPITest@3cda1055]" name="deleteTwitter" duration-ms="0" started-at="2020-08-04T16:26:06Z" finished-at="2020-08-04T16:26:06Z">
          <reporter-output>
          </reporter-output>
        </test-method> <!-- deleteTwitter -->
      </class> <!-- com.upskill.RESTAPITest -->
      <class name="com.upskill.AppiumTest">
        <test-method status="PASS" signature="IOSApps()[pri:0, instance:com.upskill.AppiumTest@21bcffb5]" name="IOSApps" duration-ms="7" started-at="2020-08-04T16:26:06Z" finished-at="2020-08-04T16:26:06Z">
          <reporter-output>
          </reporter-output>
        </test-method> <!-- IOSApps -->
        <test-method status="PASS" signature="NativeAPpAndroid()[pri:0, instance:com.upskill.AppiumTest@21bcffb5]" name="NativeAPpAndroid" duration-ms="0" started-at="2020-08-04T16:26:06Z" finished-at="2020-08-04T16:26:06Z">
          <reporter-output>
          </reporter-output>
        </test-method> <!-- NativeAPpAndroid -->
      </class> <!-- com.upskill.AppiumTest -->
    </test> <!-- Command line test -->
  </suite> <!-- Command line suite -->
</testng-results>
