<?xml version="1.0" encoding="UTF-8"?>
<testng-results skipped="0" failed="0" ignored="0" total="6" passed="6">
  <reporter-output>
  </reporter-output>
  <suite name="Default suite" duration-ms="49" started-at="2020-08-05T12:44:38 IST" finished-at="2020-08-05T12:44:38 IST">
    <groups>
    </groups>
    <test name="Default test" duration-ms="49" started-at="2020-08-05T12:44:38 IST" finished-at="2020-08-05T12:44:38 IST">
      <class name="com.upskill.SeleniumTest">
        <test-method status="PASS" signature="BrowserAUtomation()[pri:0, instance:com.upskill.SeleniumTest@480bdb19]" name="BrowserAUtomation" duration-ms="7" started-at="2020-08-05T12:44:38 IST" finished-at="2020-08-05T12:44:38 IST">
          <reporter-output>
          </reporter-output>
        </test-method> <!-- BrowserAUtomation -->
        <test-method status="PASS" signature="elementsUi()[pri:0, instance:com.upskill.SeleniumTest@480bdb19]" name="elementsUi" duration-ms="1" started-at="2020-08-05T12:44:38 IST" finished-at="2020-08-05T12:44:38 IST">
          <reporter-output>
          </reporter-output>
        </test-method> <!-- elementsUi -->
      </class> <!-- com.upskill.SeleniumTest -->
      <class name="com.upskill.RESTAPITest">
        <test-method status="PASS" signature="deleteTwitter()[pri:0, instance:com.upskill.RESTAPITest@2a556333]" name="deleteTwitter" duration-ms="1" started-at="2020-08-05T12:44:38 IST" finished-at="2020-08-05T12:44:38 IST">
          <reporter-output>
          </reporter-output>
        </test-method> <!-- deleteTwitter -->
        <test-method status="PASS" signature="postJira()[pri:0, instance:com.upskill.RESTAPITest@2a556333]" name="postJira" duration-ms="0" started-at="2020-08-05T12:44:38 IST" finished-at="2020-08-05T12:44:38 IST">
          <reporter-output>
          </reporter-output>
        </test-method> <!-- postJira -->
      </class> <!-- com.upskill.RESTAPITest -->
      <class name="com.upskill.AppiumTest">
        <test-method status="PASS" signature="IOSApps()[pri:0, instance:com.upskill.AppiumTest@7d70d1b1]" name="IOSApps" duration-ms="1" started-at="2020-08-05T12:44:38 IST" finished-at="2020-08-05T12:44:38 IST">
          <reporter-output>
          </reporter-output>
        </test-method> <!-- IOSApps -->
        <test-method status="PASS" signature="NativeAPpAndroid()[pri:0, instance:com.upskill.AppiumTest@7d70d1b1]" name="NativeAPpAndroid" duration-ms="1" started-at="2020-08-05T12:44:38 IST" finished-at="2020-08-05T12:44:38 IST">
          <reporter-output>
          </reporter-output>
        </test-method> <!-- NativeAPpAndroid -->
      </class> <!-- com.upskill.AppiumTest -->
    </test> <!-- Default test -->
  </suite> <!-- Default suite -->
</testng-results>
