<?xml version="1.0" encoding="UTF-8"?>
<!-- Generated by org.testng.reporters.JUnitReportReporter -->
<testsuite skipped="0" hostname="DESKTOP-4B4AHII" name="com.upskill.RESTAPITest" tests="2" failures="0" timestamp="2020-08-05T12:44:38 IST" time="0.001" errors="0">
  <testcase name="deleteTwitter" time="0.001" classname="com.upskill.RESTAPITest"/>
  <system-out/>
  <testcase name="postJira" time="0.000" classname="com.upskill.RESTAPITest"/>
  <system-out/>
</testsuite> <!-- com.upskill.RESTAPITest -->
