<?xml version="1.0" encoding="UTF-8"?>
<!-- Generated by org.testng.reporters.JUnitReportReporter -->
<testsuite skipped="0" hostname="DESKTOP-4B4AHII" name="com.upskill.AppiumTest" tests="2" failures="0" timestamp="2020-08-05T12:44:38 IST" time="0.002" errors="0">
  <testcase name="IOSApps" time="0.001" classname="com.upskill.AppiumTest"/>
  <system-out/>
  <testcase name="NativeAPpAndroid" time="0.001" classname="com.upskill.AppiumTest"/>
  <system-out/>
</testsuite> <!-- com.upskill.AppiumTest -->
