<?xml version="1.0" encoding="UTF-8"?>
<!-- Generated by org.testng.reporters.JUnitReportReporter -->
<testsuite skipped="0" hostname="DESKTOP-4B4AHII" name="com.upskill.SeleniumTest" tests="2" failures="0" timestamp="2020-08-05T12:44:38 IST" time="0.008" errors="0">
  <testcase name="BrowserAUtomation" time="0.007" classname="com.upskill.SeleniumTest"/>
  <system-out/>
  <testcase name="elementsUi" time="0.001" classname="com.upskill.SeleniumTest"/>
  <system-out/>
</testsuite> <!-- com.upskill.SeleniumTest -->
